TN:
SF:components/ExportButton.tsx
FN:12,toCSV
FN:26,downloadFile
FN:36,ExportButton
FN:42,handler
FN:49,handleCSV
FN:54,handleJSON
FN:62,onClick
FNF:7
FNH:5
FNDA:0,toCSV
FNDA:1,downloadFile
FNDA:9,ExportButton
FNDA:1,handler
FNDA:0,handleCSV
FNDA:1,handleJSON
FNDA:3,onClick
DA:1,1
DA:2,1
DA:3,1
DA:4,1
DA:5,1
DA:6,1
DA:7,1
DA:8,1
DA:9,1
DA:10,1
DA:11,1
DA:12,0
DA:13,0
DA:14,0
DA:15,0
DA:16,0
DA:17,0
DA:18,0
DA:19,0
DA:20,0
DA:21,0
DA:22,0
DA:23,0
DA:24,0
DA:25,1
DA:26,1
DA:27,1
DA:28,1
DA:29,1
DA:30,1
DA:31,1
DA:32,1
DA:33,1
DA:34,1
DA:35,1
DA:36,1
DA:37,9
DA:38,9
DA:39,9
DA:40,9
DA:41,9
DA:42,3
DA:43,1
DA:44,1
DA:45,3
DA:46,3
DA:47,9
DA:48,9
DA:49,9
DA:50,0
DA:51,0
DA:52,0
DA:53,9
DA:54,9
DA:55,1
DA:56,1
DA:57,1
DA:58,9
DA:59,9
DA:60,9
DA:61,9
DA:62,9
DA:63,9
DA:64,9
DA:65,9
DA:66,9
DA:67,9
DA:68,9
DA:69,9
DA:70,9
DA:71,9
DA:72,9
DA:73,9
DA:74,9
DA:75,9
DA:76,9
DA:77,9
DA:78,9
DA:79,9
DA:80,9
DA:81,9
DA:82,9
DA:83,9
DA:84,9
DA:85,9
DA:86,9
DA:87,9
DA:88,9
LF:88
LH:72
BRDA:26,0,0,1
BRDA:36,1,0,9
BRDA:67,2,0,3
BRDA:40,3,0,9
BRDA:41,4,0,6
BRDA:41,5,0,3
BRDA:42,6,0,1
BRDA:46,7,0,3
BRDA:54,8,0,1
BRDA:62,9,0,3
BRDA:62,10,0,3
BRF:11
BRH:11
end_of_record
TN:
SF:components/Navbar.tsx
FN:5,Navbar
FN:36,action
FN:66,NavLink
FNF:3
FNH:2
FNDA:3,Navbar
FNDA:0,action
FNDA:18,NavLink
DA:1,1
DA:2,1
DA:3,1
DA:4,1
DA:5,1
DA:6,3
DA:7,3
DA:8,3
DA:9,3
DA:10,3
DA:11,3
DA:12,3
DA:13,3
DA:14,3
DA:15,3
DA:16,3
DA:17,3
DA:18,3
DA:19,3
DA:20,3
DA:21,3
DA:22,3
DA:23,3
DA:24,3
DA:25,3
DA:26,3
DA:27,3
DA:28,3
DA:29,3
DA:30,3
DA:31,3
DA:32,3
DA:33,3
DA:34,3
DA:35,3
DA:36,3
DA:37,0
DA:38,0
DA:39,0
DA:40,3
DA:41,3
DA:42,3
DA:43,3
DA:44,3
DA:45,3
DA:46,3
DA:47,3
DA:48,3
DA:49,3
DA:50,3
DA:51,3
DA:52,3
DA:53,3
DA:54,3
DA:55,3
DA:56,3
DA:57,3
DA:58,3
DA:59,3
DA:60,3
DA:61,3
DA:62,3
DA:63,3
DA:64,3
DA:65,1
DA:66,18
DA:67,18
DA:68,18
DA:69,18
DA:70,18
DA:71,18
DA:72,18
DA:73,18
DA:74,18
DA:75,18
DA:76,18
DA:77,18
DA:78,18
DA:79,3
DA:80,15
DA:81,18
DA:82,18
DA:83,18
DA:84,18
DA:85,18
DA:86,18
DA:87,18
LF:87
LH:84
BRDA:5,0,0,3
BRDA:22,1,0,1
BRDA:29,2,0,0
BRDA:66,3,0,18
BRDA:78,4,0,3
BRDA:79,5,0,15
BRF:6
BRH:5
end_of_record
TN:
SF:components/QueryBox.tsx
FN:37,QueryBox
FN:49,handleSubmit
FN:76,handleKeyDown
FN:83,useQuery
FN:89,handleClearHistory
FN:108,onChange
FN:157,onClick
FN:172,onClick
FN:194,onClick
FNF:9
FNH:6
FNDA:19,QueryBox
FNDA:2,handleSubmit
FNDA:0,handleKeyDown
FNDA:1,useQuery
FNDA:0,handleClearHistory
FNDA:3,onChange
FNDA:0,onClick
FNDA:1,onClick
FNDA:1,onClick
DA:1,1
DA:2,1
DA:3,1
DA:4,1
DA:5,1
DA:6,1
DA:7,1
DA:8,1
DA:9,1
DA:10,1
DA:11,1
DA:12,1
DA:13,1
DA:14,1
DA:15,1
DA:16,1
DA:17,1
DA:18,1
DA:19,1
DA:20,1
DA:21,1
DA:22,1
DA:23,1
DA:24,1
DA:25,1
DA:26,1
DA:27,1
DA:28,1
DA:29,1
DA:30,1
DA:31,1
DA:32,1
DA:33,1
DA:34,1
DA:35,1
DA:36,1
DA:37,1
DA:38,19
DA:39,19
DA:40,19
DA:41,19
DA:42,19
DA:43,19
DA:44,19
DA:45,19
DA:46,5
DA:47,19
DA:48,19
DA:49,19
DA:50,2
DA:51,2
DA:52,2
DA:53,2
DA:54,2
DA:55,2
DA:56,2
DA:57,2
DA:58,2
DA:59,2
DA:60,2
DA:61,2
DA:62,2
DA:63,2
DA:64,2
DA:65,1
DA:66,1
DA:67,1
DA:68,1
DA:69,1
DA:70,1
DA:71,2
DA:72,2
DA:73,2
DA:74,2
DA:75,19
DA:76,19
DA:77,0
DA:78,0
DA:79,0
DA:80,0
DA:81,0
DA:82,19
DA:83,19
DA:84,1
DA:85,1
DA:86,1
DA:87,1
DA:88,19
DA:89,19
DA:90,0
DA:91,0
DA:92,0
DA:93,19
DA:94,19
DA:95,19
DA:96,19
DA:97,19
DA:98,19
DA:99,19
DA:100,19
DA:101,19
DA:102,19
DA:103,19
DA:104,19
DA:105,19
DA:106,19
DA:107,19
DA:108,19
DA:109,19
DA:110,19
DA:111,19
DA:112,19
DA:113,19
DA:114,19
DA:115,19
DA:116,19
DA:117,19
DA:118,19
DA:119,19
DA:120,19
DA:121,19
DA:122,19
DA:123,19
DA:124,19
DA:125,19
DA:126,6
DA:127,13
DA:128,19
DA:129,19
DA:130,19
DA:131,2
DA:132,2
DA:133,19
DA:134,19
DA:135,19
DA:136,19
DA:137,19
DA:138,19
DA:139,19
DA:140,19
DA:141,19
DA:142,19
DA:143,19
DA:144,19
DA:145,19
DA:146,19
DA:147,19
DA:148,19
DA:149,19
DA:150,19
DA:151,19
DA:152,19
DA:153,19
DA:154,19
DA:155,66
DA:156,66
DA:157,19
DA:158,19
DA:159,19
DA:160,19
DA:161,19
DA:162,19
DA:163,19
DA:164,19
DA:165,19
DA:166,19
DA:167,19
DA:168,19
DA:169,19
DA:170,19
DA:171,19
DA:172,19
DA:173,19
DA:174,19
DA:175,19
DA:176,19
DA:177,19
DA:178,19
DA:179,19
DA:180,19
DA:181,19
DA:182,19
DA:183,19
DA:184,19
DA:185,19
DA:186,19
DA:187,19
DA:188,19
DA:189,19
DA:190,19
DA:191,19
DA:192,2
DA:193,2
DA:194,19
DA:195,19
DA:196,19
DA:197,19
DA:198,19
DA:199,19
DA:200,19
DA:201,19
DA:202,19
DA:203,19
DA:204,19
DA:205,19
DA:206,19
DA:207,19
LF:207
LH:199
BRDA:37,0,0,19
BRDA:122,1,0,8
BRDA:125,2,0,8
BRDA:125,3,0,6
BRDA:126,4,0,13
BRDA:130,5,0,2
BRDA:135,6,0,2
BRDA:135,7,0,17
BRDA:177,8,0,1
BRDA:45,9,0,5
BRDA:49,10,0,2
BRDA:51,11,0,0
BRDA:64,12,0,1
BRDA:64,13,0,0
BRDA:70,14,0,0
BRDA:83,15,0,1
BRDA:108,16,0,3
BRDA:154,17,0,66
BRDA:172,18,0,1
BRDA:172,19,0,1
BRDA:191,20,0,2
BRDA:194,21,0,1
BRF:22
BRH:19
end_of_record
TN:
SF:components/ResultCard.tsx
FN:30,buildLinks
FN:57,resourceHref
FN:63,ResourceIcon
FN:80,renderMarkdown
FN:89,ResultCard
FN:151,onClick
FN:159,onClick
FN:190,onClick
FNF:8
FNH:8
FNDA:9,buildLinks
FNDA:51,resourceHref
FNDA:51,ResourceIcon
FNDA:9,renderMarkdown
FNDA:9,ResultCard
FNDA:1,onClick
FNDA:1,onClick
FNDA:1,onClick
DA:1,1
DA:2,1
DA:3,1
DA:4,1
DA:5,1
DA:6,1
DA:7,1
DA:8,1
DA:9,1
DA:10,1
DA:11,1
DA:12,1
DA:13,1
DA:14,1
DA:15,1
DA:16,1
DA:17,1
DA:18,1
DA:19,1
DA:20,1
DA:21,1
DA:22,1
DA:23,1
DA:24,1
DA:25,1
DA:26,1
DA:27,1
DA:28,1
DA:29,1
DA:30,9
DA:31,9
DA:32,9
DA:33,9
DA:34,9
DA:35,9
DA:36,9
DA:37,9
DA:38,9
DA:39,9
DA:40,9
DA:41,9
DA:42,0
DA:43,0
DA:44,9
DA:45,9
DA:46,0
DA:47,0
DA:48,9
DA:49,9
DA:50,9
DA:51,9
DA:52,9
DA:53,9
DA:54,9
DA:55,9
DA:56,1
DA:57,51
DA:58,51
DA:59,51
DA:60,51
DA:61,51
DA:62,1
DA:63,51
DA:64,51
DA:65,51
DA:66,51
DA:67,51
DA:68,1
DA:69,1
DA:70,1
DA:71,1
DA:72,1
DA:73,1
DA:74,1
DA:75,1
DA:76,1
DA:77,1
DA:78,1
DA:79,1
DA:80,9
DA:81,9
DA:82,9
DA:83,9
DA:84,9
DA:85,9
DA:86,9
DA:87,9
DA:88,1
DA:89,1
DA:90,9
DA:91,9
DA:92,9
DA:93,9
DA:94,9
DA:95,9
DA:96,9
DA:97,9
DA:98,9
DA:99,9
DA:100,9
DA:101,9
DA:102,9
DA:103,9
DA:104,9
DA:105,9
DA:106,9
DA:107,9
DA:108,9
DA:109,9
DA:110,9
DA:111,9
DA:112,9
DA:113,9
DA:114,9
DA:115,9
DA:116,9
DA:117,9
DA:118,9
DA:119,9
DA:120,9
DA:121,9
DA:122,9
DA:123,9
DA:124,9
DA:125,9
DA:126,9
DA:127,9
DA:128,9
DA:129,9
DA:130,9
DA:131,9
DA:132,9
DA:133,9
DA:134,9
DA:135,9
DA:136,51
DA:137,51
DA:138,9
DA:139,9
DA:140,9
DA:141,9
DA:142,9
DA:143,9
DA:144,9
DA:145,9
DA:146,9
DA:147,9
DA:148,9
DA:149,9
DA:150,9
DA:151,9
DA:152,9
DA:153,9
DA:154,9
DA:155,9
DA:156,9
DA:157,9
DA:158,9
DA:159,9
DA:160,9
DA:161,9
DA:162,9
DA:163,9
DA:164,9
DA:165,9
DA:166,9
DA:167,9
DA:168,9
DA:169,9
DA:170,9
DA:171,9
DA:172,9
DA:173,9
DA:174,18
DA:175,18
DA:176,9
DA:177,9
DA:178,9
DA:179,9
DA:180,9
DA:181,9
DA:182,9
DA:183,9
DA:184,9
DA:185,9
DA:186,9
DA:187,9
DA:188,9
DA:189,9
DA:190,9
DA:191,9
DA:192,9
DA:193,9
DA:194,9
DA:195,9
DA:196,1
DA:197,1
DA:198,9
DA:199,9
DA:200,9
DA:201,9
DA:202,9
DA:203,9
DA:204,9
DA:205,9
DA:206,9
DA:207,9
DA:208,9
DA:209,9
DA:210,9
DA:211,9
DA:212,9
DA:213,9
DA:214,9
DA:215,9
DA:216,9
DA:217,9
LF:217
LH:213
BRDA:30,0,0,9
BRDA:41,1,0,0
BRDA:45,2,0,0
BRDA:57,3,0,51
BRDA:58,4,0,0
BRDA:59,5,0,0
BRDA:63,6,0,51
BRDA:64,7,0,0
BRDA:65,8,0,0
BRDA:80,9,0,9
BRDA:85,10,0,9
BRDA:89,11,0,9
BRDA:92,12,0,0
BRDA:94,13,0,0
BRDA:95,14,0,1
BRDA:95,15,0,8
BRDA:132,16,0,0
BRDA:149,17,0,3
BRDA:157,18,0,1
BRDA:194,19,0,1
BRDA:194,20,0,8
BRDA:195,21,0,1
BRDA:135,22,0,51
BRDA:151,23,0,1
BRDA:159,24,0,1
BRDA:173,25,0,18
BRDA:190,26,0,1
BRF:27
BRH:18
end_of_record
TN:
SF:lib/encryption.ts
FN:6,getDerivedKey
FN:16,encrypt
FN:28,decrypt
FNF:3
FNH:3
FNDA:4,getDerivedKey
FNDA:2,encrypt
FNDA:2,decrypt
DA:1,1
DA:2,1
DA:3,1
DA:4,1
DA:5,1
DA:6,4
DA:7,4
DA:8,4
DA:9,3
DA:10,3
DA:11,1
DA:12,1
DA:13,1
DA:14,1
DA:15,1
DA:16,1
DA:17,2
DA:18,2
DA:19,2
DA:20,2
DA:21,2
DA:22,2
DA:23,2
DA:24,1
DA:25,1
DA:26,1
DA:27,1
DA:28,1
DA:29,2
DA:30,2
DA:31,2
DA:32,1
DA:33,1
DA:34,1
DA:35,1
DA:36,1
DA:37,1
DA:38,1
LF:38
LH:38
BRDA:6,0,0,4
BRDA:8,1,0,1
BRDA:8,2,0,3
BRDA:16,3,0,2
BRDA:28,4,0,2
BRDA:31,5,0,1
BRDA:31,6,0,1
BRF:7
BRH:7
end_of_record
TN:
SF:lib/utils.ts
FN:4,cn
FNF:1
FNH:1
FNDA:63,cn
DA:1,1
DA:2,1
DA:3,1
DA:4,1
DA:5,63
DA:6,63
LF:6
LH:6
BRDA:4,0,0,63
BRF:1
BRH:1
end_of_record
